{"name": "Change profile name", "status": "broken", "statusDetails": {"message": "selenium.common.exceptions.TimeoutException: Message:", "trace": "self = <feature_profile_test.TestProfileFeature object at 0x00000156A24877F0>\n\n    @allure.title(\"Change profile name\")\n    @allure.severity(\"Critical\")\n    @pytest.mark.smoke\n    def test_change_profile_name(self):\n        self.login_page.open()\n        self.login_page.enter_login(self.data.LOGIN)\n        self.login_page.enter_password(self.data.PASSWORD)\n        self.login_page.click_submit_button()\n        self.dashboard_page.is_opened()\n        self.dashboard_page.click_my_info_link()\n        self.personal_page.is_opened()\n        self.personal_page.change_name(f\"Test {random.randint(1, 100)}\")\n        self.personal_page.save_changes()\n>       self.personal_page.is_changes_saved()\n\ntests\\feature_profile_test.py:23: \n_ _ _ _ _ _ _ _ _ _ _ _ _ _ _ _ _ _ _ _ _ _ _ _ _ _ _ _ _ _ _ _ _ _ _ _ _ _ _ _ _ _ _ _ _ _ _ _ _ _ _ _ _ \npages\\personal_page.py:40: in is_changes_saved\n    self.wait.until(EC.text_to_be_present_in_element_value(self.FIRST_NAME_FIELD, self.name))\n_ _ _ _ _ _ _ _ _ _ _ _ _ _ _ _ _ _ _ _ _ _ _ _ _ _ _ _ _ _ _ _ _ _ _ _ _ _ _ _ _ _ _ _ _ _ _ _ _ _ _ _ _ \n\nself = <selenium.webdriver.support.wait.WebDriverWait (session=\"b749b5628976f948cfcb80a84a7474eb\")>\nmethod = <function text_to_be_present_in_element_value.<locals>._predicate at 0x00000156A23EDBD0>\nmessage = ''\n\n    def until(self, method: Callable[[D], Union[Literal[False], T]], message: str = \"\") -> T:\n        \"\"\"Calls the method provided with the driver as an argument until the \\\n        return value does not evaluate to ``False``.\n    \n        :param method: callable(WebDriver)\n        :param message: optional message for :exc:`TimeoutException`\n        :returns: the result of the last call to `method`\n        :raises: :exc:`selenium.common.exceptions.TimeoutException` if timeout occurs\n        \"\"\"\n        screen = None\n        stacktrace = None\n    \n        end_time = time.monotonic() + self._timeout\n        while True:\n            try:\n                value = method(self._driver)\n                if value:\n                    return value\n            except self._ignored_exceptions as exc:\n                screen = getattr(exc, \"screen\", None)\n                stacktrace = getattr(exc, \"stacktrace\", None)\n            time.sleep(self._poll)\n            if time.monotonic() > end_time:\n                break\n>       raise TimeoutException(message, screen, stacktrace)\nE       selenium.common.exceptions.TimeoutException: Message:\n\nvenv\\lib\\site-packages\\selenium\\webdriver\\support\\wait.py:105: TimeoutException"}, "steps": [{"name": "Open https://opensource-demo.orangehrmlive.com/web/index.php/auth/login page", "status": "passed", "start": 1704998207130, "stop": 1704998213211}, {"name": "Enter login", "status": "passed", "parameters": [{"name": "login", "value": "'Admin'"}], "start": 1704998213212, "stop": 1704998214368}, {"name": "Enter password", "status": "passed", "parameters": [{"name": "password", "value": "'admin123'"}], "start": 1704998214369, "stop": 1704998214507}, {"name": "Click submit button", "status": "passed", "start": 1704998214508, "stop": 1704998214602}, {"name": "Page https://opensource-demo.orangehrmlive.com/web/index.php/dashboard/index is opened", "status": "passed", "start": 1704998214602, "stop": 1704998215801}, {"name": "Click on 'My Info' link", "status": "passed", "start": 1704998215802, "stop": 1704998218223}, {"name": "Page https://opensource-demo.orangehrmlive.com/web/index.php/pim/viewPersonalDetails/empNumber/7 is opened", "status": "passed", "start": 1704998218224, "stop": 1704998218229}, {"name": "Change name on 'Test 28'", "status": "passed", "start": 1704998218229, "stop": 1704998219474}, {"name": "Save changes", "status": "passed", "start": 1704998219474, "stop": 1704998220161}, {"name": "Changes has been saved successful", "status": "broken", "statusDetails": {"message": "selenium.common.exceptions.TimeoutException: Message: \n\n", "trace": "  File \"C:\\Users\\Aleksandr\\PycharmProjects\\CodingStepik\\venv\\lib\\site-packages\\allure_commons\\_allure.py\", line 192, in impl\n    return func(*a, **kw)\n  File \"C:\\Users\\Aleksandr\\PycharmProjects\\CodingStepik\\pages\\personal_page.py\", line 40, in is_changes_saved\n    self.wait.until(EC.text_to_be_present_in_element_value(self.FIRST_NAME_FIELD, self.name))\n  File \"C:\\Users\\Aleksandr\\PycharmProjects\\CodingStepik\\venv\\lib\\site-packages\\selenium\\webdriver\\support\\wait.py\", line 105, in until\n    raise TimeoutException(message, screen, stacktrace)\n"}, "start": 1704998220162, "stop": 1704998233648}], "start": 1704998207130, "stop": 1704998233658, "uuid": "bec271b6-7b51-4ff9-a740-fcee672eed04", "historyId": "42b4a115007c35c622675a0baedb491a", "testCaseId": "42b4a115007c35c622675a0baedb491a", "fullName": "tests.feature_profile_test.TestProfileFeature#test_change_profile_name", "labels": [{"name": "feature", "value": "Profile Functionality"}, {"name": "severity", "value": "Critical"}, {"name": "tag", "value": "smoke"}, {"name": "parentSuite", "value": "tests"}, {"name": "suite", "value": "feature_profile_test"}, {"name": "subSuite", "value": "TestProfileFeature"}, {"name": "host", "value": "WIN-TSLI8G18B3Q"}, {"name": "thread", "value": "8824-MainThread"}, {"name": "framework", "value": "pytest"}, {"name": "language", "value": "cpython3"}, {"name": "package", "value": "tests.feature_profile_test"}]}